2015/05/24 09:54:00 [error] [exception.CHttpException.403] exception 'CHttpException' with message 'You are not allowed to access this page.' in /var/www/yii-1.1.16/framework/gii/GiiModule.php:170
Stack trace:
#0 /var/www/yii-1.1.16/framework/web/CController.php(263): GiiModule->beforeControllerAction(Object(DefaultController), Object(CInlineAction))
#1 /var/www/yii-1.1.16/framework/web/CWebApplication.php(282): CController->run('')
#2 /var/www/yii-1.1.16/framework/web/CWebApplication.php(141): CWebApplication->runController('gii')
#3 /var/www/yii-1.1.16/framework/base/CApplication.php(184): CWebApplication->processRequest()
#4 /var/www/awesome/index.php(13): CApplication->run()
#5 {main}
REQUEST_URI=/index.php?r=gii
---
2015/05/24 09:54:56 [error] [exception.CHttpException.403] exception 'CHttpException' with message 'You are not allowed to access this page.' in /var/www/yii-1.1.16/framework/gii/GiiModule.php:170
Stack trace:
#0 /var/www/yii-1.1.16/framework/web/CController.php(263): GiiModule->beforeControllerAction(Object(DefaultController), Object(CInlineAction))
#1 /var/www/yii-1.1.16/framework/web/CWebApplication.php(282): CController->run('')
#2 /var/www/yii-1.1.16/framework/web/CWebApplication.php(141): CWebApplication->runController('gii')
#3 /var/www/yii-1.1.16/framework/base/CApplication.php(184): CWebApplication->processRequest()
#4 /var/www/awesome/index.php(13): CApplication->run()
#5 {main}
REQUEST_URI=/index.php?r=gii
---
2015/05/24 09:54:58 [error] [exception.CHttpException.403] exception 'CHttpException' with message 'You are not allowed to access this page.' in /var/www/yii-1.1.16/framework/gii/GiiModule.php:170
Stack trace:
#0 /var/www/yii-1.1.16/framework/web/CController.php(263): GiiModule->beforeControllerAction(Object(DefaultController), Object(CInlineAction))
#1 /var/www/yii-1.1.16/framework/web/CWebApplication.php(282): CController->run('')
#2 /var/www/yii-1.1.16/framework/web/CWebApplication.php(141): CWebApplication->runController('gii')
#3 /var/www/yii-1.1.16/framework/base/CApplication.php(184): CWebApplication->processRequest()
#4 /var/www/awesome/index.php(13): CApplication->run()
#5 {main}
REQUEST_URI=/index.php?r=gii
---
2015/05/24 09:55:07 [error] [exception.CHttpException.403] exception 'CHttpException' with message 'You are not allowed to access this page.' in /var/www/yii-1.1.16/framework/gii/GiiModule.php:170
Stack trace:
#0 /var/www/yii-1.1.16/framework/web/CController.php(263): GiiModule->beforeControllerAction(Object(DefaultController), Object(CInlineAction))
#1 /var/www/yii-1.1.16/framework/web/CWebApplication.php(282): CController->run('')
#2 /var/www/yii-1.1.16/framework/web/CWebApplication.php(141): CWebApplication->runController('gii')
#3 /var/www/yii-1.1.16/framework/base/CApplication.php(184): CWebApplication->processRequest()
#4 /var/www/awesome/index.php(13): CApplication->run()
#5 {main}
REQUEST_URI=/index.php?r=gii
---
2015/05/24 09:56:07 [error] [exception.CHttpException.403] exception 'CHttpException' with message 'You are not allowed to access this page.' in /var/www/yii-1.1.16/framework/gii/GiiModule.php:170
Stack trace:
#0 /var/www/yii-1.1.16/framework/web/CController.php(263): GiiModule->beforeControllerAction(Object(DefaultController), Object(CInlineAction))
#1 /var/www/yii-1.1.16/framework/web/CWebApplication.php(282): CController->run('')
#2 /var/www/yii-1.1.16/framework/web/CWebApplication.php(141): CWebApplication->runController('gii')
#3 /var/www/yii-1.1.16/framework/base/CApplication.php(184): CWebApplication->processRequest()
#4 /var/www/awesome/index.php(13): CApplication->run()
#5 {main}
REQUEST_URI=/index.php?r=gii
---
2015/05/24 09:56:19 [error] [exception.CHttpException.403] exception 'CHttpException' with message 'You are not allowed to access this page.' in /var/www/yii-1.1.16/framework/gii/GiiModule.php:170
Stack trace:
#0 /var/www/yii-1.1.16/framework/web/CController.php(263): GiiModule->beforeControllerAction(Object(DefaultController), Object(CInlineAction))
#1 /var/www/yii-1.1.16/framework/web/CWebApplication.php(282): CController->run('')
#2 /var/www/yii-1.1.16/framework/web/CWebApplication.php(141): CWebApplication->runController('gii')
#3 /var/www/yii-1.1.16/framework/base/CApplication.php(184): CWebApplication->processRequest()
#4 /var/www/awesome/index.php(13): CApplication->run()
#5 {main}
REQUEST_URI=/index.php?r=gii
---
2015/05/24 10:27:03 [error] [exception.CHttpException.403] exception 'CHttpException' with message 'You are not authorized to perform this action.' in /var/www/yii-1.1.16/framework/web/auth/CAccessControlFilter.php:182
Stack trace:
#0 /var/www/yii-1.1.16/framework/web/auth/CAccessControlFilter.php(145): CAccessControlFilter->accessDenied(Object(CWebUser), 'You are not aut...')
#1 /var/www/yii-1.1.16/framework/web/filters/CFilter.php(38): CAccessControlFilter->preFilter(Object(CFilterChain))
#2 /var/www/yii-1.1.16/framework/web/CController.php(1145): CFilter->filter(Object(CFilterChain))
#3 /var/www/yii-1.1.16/framework/web/filters/CInlineFilter.php(58): CController->filterAccessControl(Object(CFilterChain))
#4 /var/www/yii-1.1.16/framework/web/filters/CFilterChain.php(130): CInlineFilter->filter(Object(CFilterChain))
#5 /var/www/yii-1.1.16/framework/web/CController.php(291): CFilterChain->run()
#6 /var/www/yii-1.1.16/framework/web/CController.php(265): CController->runActionWithFilters(Object(CInlineAction), Array)
#7 /var/www/yii-1.1.16/framework/web/CWebApplication.php(282): CController->run('export')
#8 /var/www/yii-1.1.16/framework/web/CWebApplication.php(141): CWebApplication->runController('user/export')
#9 /var/www/yii-1.1.16/framework/base/CApplication.php(184): CWebApplication->processRequest()
#10 /var/www/awesome/index.php(13): CApplication->run()
#11 {main}
REQUEST_URI=/index.php?r=user/export
HTTP_REFERER=http://awesome.dev/index.php?r=user/index
---
2015/05/24 10:27:16 [error] [exception.CException] exception 'CException' with message 'Property "PdfGridView.cssClassExpression" is not defined.' in /var/www/yii-1.1.16/framework/base/CComponent.php:130
Stack trace:
#0 /var/www/awesome/protected/extensions/PdfGridView.php(185): CComponent->__get('cssClassExpress...')
#1 /var/www/awesome/protected/extensions/PdfGridView.php(142): PdfGridView->writeRow(0)
#2 /var/www/awesome/protected/extensions/PdfGridView.php(92): PdfGridView->writeBody()
#3 /var/www/awesome/protected/extensions/PdfGridView.php(78): PdfGridView->writePdf()
#4 /var/www/yii-1.1.16/framework/web/CBaseController.php(181): PdfGridView->run()
#5 /var/www/awesome/protected/views/user/pdfList.php(16): CBaseController->widget('ext.PdfGridView', Array)
#6 /var/www/yii-1.1.16/framework/web/CBaseController.php(126): require('/var/www/awesom...')
#7 /var/www/yii-1.1.16/framework/web/CBaseController.php(95): CBaseController->renderInternal('/var/www/awesom...', Array, true)
#8 /var/www/yii-1.1.16/framework/web/CController.php(869): CBaseController->renderFile('/var/www/awesom...', Array, true)
#9 /var/www/yii-1.1.16/framework/web/CController.php(782): CController->renderPartial('pdfList', Array, true)
#10 /var/www/awesome/protected/controllers/UserController.php(52): CController->render('pdfList', Array)
#11 /var/www/yii-1.1.16/framework/web/actions/CInlineAction.php(49): UserController->actionExport()
#12 /var/www/yii-1.1.16/framework/web/CController.php(308): CInlineAction->runWithParams(Array)
#13 /var/www/yii-1.1.16/framework/web/filters/CFilterChain.php(133): CController->runAction(Object(CInlineAction))
#14 /var/www/yii-1.1.16/framework/web/filters/CFilter.php(40): CFilterChain->run()
#15 /var/www/yii-1.1.16/framework/web/CController.php(1145): CFilter->filter(Object(CFilterChain))
#16 /var/www/yii-1.1.16/framework/web/filters/CInlineFilter.php(58): CController->filterAccessControl(Object(CFilterChain))
#17 /var/www/yii-1.1.16/framework/web/filters/CFilterChain.php(130): CInlineFilter->filter(Object(CFilterChain))
#18 /var/www/yii-1.1.16/framework/web/CController.php(291): CFilterChain->run()
#19 /var/www/yii-1.1.16/framework/web/CController.php(265): CController->runActionWithFilters(Object(CInlineAction), Array)
#20 /var/www/yii-1.1.16/framework/web/CWebApplication.php(282): CController->run('export')
#21 /var/www/yii-1.1.16/framework/web/CWebApplication.php(141): CWebApplication->runController('user/export')
#22 /var/www/yii-1.1.16/framework/base/CApplication.php(184): CWebApplication->processRequest()
#23 /var/www/awesome/index.php(13): CApplication->run()
#24 {main}
REQUEST_URI=/index.php?r=user/export
HTTP_REFERER=http://awesome.dev/index.php?r=user/index
---
2015/05/24 10:29:24 [error] [php] preg_replace(): The /e modifier is deprecated, use preg_replace_callback instead (/var/www/awesome/protected/extensions/MPDF56/includes/functions.php:74)
Stack trace:
#0 /var/www/awesome/protected/extensions/MPDF56/mpdf.php(12302): mPDF->purify_utf8()
#1 /var/www/awesome/protected/extensions/PdfGridView.php(80): mPDF->WriteHTML()
#2 /var/www/yii-1.1.16/framework/web/CBaseController.php(181): PdfGridView->run()
#3 /var/www/awesome/protected/views/user/pdfList.php(16): UserController->widget()
#4 /var/www/yii-1.1.16/framework/web/CBaseController.php(126): require()
#5 /var/www/yii-1.1.16/framework/web/CBaseController.php(95): UserController->renderInternal()
#6 /var/www/yii-1.1.16/framework/web/CController.php(869): UserController->renderFile()
#7 /var/www/yii-1.1.16/framework/web/CController.php(782): UserController->renderPartial()
#8 /var/www/awesome/protected/controllers/UserController.php(52): UserController->render()
#9 /var/www/yii-1.1.16/framework/web/actions/CInlineAction.php(49): UserController->actionExport()
#10 /var/www/yii-1.1.16/framework/web/CController.php(308): CInlineAction->runWithParams()
#11 /var/www/yii-1.1.16/framework/web/filters/CFilterChain.php(133): UserController->runAction()
#12 /var/www/yii-1.1.16/framework/web/filters/CFilter.php(40): CFilterChain->run()
#13 /var/www/yii-1.1.16/framework/web/CController.php(1145): CAccessControlFilter->filter()
#14 /var/www/yii-1.1.16/framework/web/filters/CInlineFilter.php(58): UserController->filterAccessControl()
#15 /var/www/yii-1.1.16/framework/web/filters/CFilterChain.php(130): CInlineFilter->filter()
#16 /var/www/yii-1.1.16/framework/web/CController.php(291): CFilterChain->run()
#17 /var/www/yii-1.1.16/framework/web/CController.php(265): UserController->runActionWithFilters()
#18 /var/www/yii-1.1.16/framework/web/CWebApplication.php(282): UserController->run()
#19 /var/www/yii-1.1.16/framework/web/CWebApplication.php(141): CWebApplication->runController()
#20 /var/www/yii-1.1.16/framework/base/CApplication.php(184): CWebApplication->processRequest()
#21 /var/www/awesome/index.php(13): CWebApplication->run()
REQUEST_URI=/index.php?r=user/export
in /var/www/awesome/protected/extensions/MPDF56/includes/functions.php (74)
in /var/www/awesome/protected/extensions/MPDF56/mpdf.php (31062)
in /var/www/awesome/protected/extensions/MPDF56/mpdf.php (12302)
2015/05/24 10:34:12 [error] [exception.CException] exception 'CException' with message 'Alias "application.extensions.MPDF56.mpdf" is invalid. Make sure it points to an existing PHP file and the file is readable.' in /var/www/yii-1.1.16/framework/YiiBase.php:323
Stack trace:
#0 /var/www/yii-1.1.16/framework/YiiBase.php(196): YiiBase::import('application.ext...', true)
#1 /var/www/awesome/protected/extensions/PdfGridView.php(61): YiiBase::createComponent('application.ext...')
#2 /var/www/yii-1.1.16/framework/web/CBaseController.php(147): PdfGridView->init()
#3 /var/www/yii-1.1.16/framework/web/CBaseController.php(180): CBaseController->createWidget('ext.PdfGridView', Array)
#4 /var/www/awesome/protected/views/user/pdfList.php(16): CBaseController->widget('ext.PdfGridView', Array)
#5 /var/www/yii-1.1.16/framework/web/CBaseController.php(126): require('/var/www/awesom...')
#6 /var/www/yii-1.1.16/framework/web/CBaseController.php(95): CBaseController->renderInternal('/var/www/awesom...', Array, true)
#7 /var/www/yii-1.1.16/framework/web/CController.php(869): CBaseController->renderFile('/var/www/awesom...', Array, true)
#8 /var/www/yii-1.1.16/framework/web/CController.php(782): CController->renderPartial('pdfList', Array, true)
#9 /var/www/awesome/protected/controllers/UserController.php(52): CController->render('pdfList', Array)
#10 /var/www/yii-1.1.16/framework/web/actions/CInlineAction.php(49): UserController->actionExport()
#11 /var/www/yii-1.1.16/framework/web/CController.php(308): CInlineAction->runWithParams(Array)
#12 /var/www/yii-1.1.16/framework/web/filters/CFilterChain.php(133): CController->runAction(Object(CInlineAction))
#13 /var/www/yii-1.1.16/framework/web/filters/CFilter.php(40): CFilterChain->run()
#14 /var/www/yii-1.1.16/framework/web/CController.php(1145): CFilter->filter(Object(CFilterChain))
#15 /var/www/yii-1.1.16/framework/web/filters/CInlineFilter.php(58): CController->filterAccessControl(Object(CFilterChain))
#16 /var/www/yii-1.1.16/framework/web/filters/CFilterChain.php(130): CInlineFilter->filter(Object(CFilterChain))
#17 /var/www/yii-1.1.16/framework/web/CController.php(291): CFilterChain->run()
#18 /var/www/yii-1.1.16/framework/web/CController.php(265): CController->runActionWithFilters(Object(CInlineAction), Array)
#19 /var/www/yii-1.1.16/framework/web/CWebApplication.php(282): CController->run('export')
#20 /var/www/yii-1.1.16/framework/web/CWebApplication.php(141): CWebApplication->runController('user/export')
#21 /var/www/yii-1.1.16/framework/base/CApplication.php(184): CWebApplication->processRequest()
#22 /var/www/awesome/index.php(13): CApplication->run()
#23 {main}
REQUEST_URI=/index.php?r=user/export
HTTP_REFERER=http://awesome.dev/index.php?r=user/index
---
